[2016-07-23 14:54:45] __rvm_package_extract
__rvm_package_extract () 
{ 
    rvm_debug __rvm_package_extract:$#: "$@";
    \typeset __tempdir __path __file __return;
    __return=0;
    __tempdir="$( TMPDIR="${rvm_tmp_path}" mktemp -d -t rvm-tmp.XXXXXXXXX )";
    __rvm_package_extract_run "$1" "$__tempdir" || __return=$?;
    if (( __return == 0 )); then
        for __path in "$__tempdir"/*;
        do
            __file="${__path##*/}";
            if [[ -n "${__file}" && -e "$2/${__file}" ]]; then
                \command \rm -rf "$2/${__file}" || __return=$?;
            fi;
            \command \mv -f "${__path}" "$2/" || __return=$?;
        done;
    fi;
    if [[ -n "$__tempdir" ]]; then
        \command \rm -rf "$__tempdir";
    fi;
    return $__return
}
current path: /data/data/com.termux/files/home/.rvm/src
PATH=/data/data/com.termux/files/usr/bin:/data/data/com.termux/files/usr/bin/applets:/data/data/com.termux/files/home/.rvm/bin
command(3): __rvm_package_extract /data/data/com.termux/files/home/.rvm/archives/ruby-2.3.0.tar.bz2 /data/data/com.termux/files/home/.rvm/tmp/rvm_src_9069
++ 1469282085.N /scripts/functions/utility_package : __rvm_package_extract()  69 > rvm_debug __rvm_package_extract:2: /data/data/com.termux/files/home/.rvm/archives/ruby-2.3.0.tar.bz2 /data/data/com.termux/files/home/.rvm/tmp/rvm_src_9069
++ 1469282085.N /scripts/functions/logging : rvm_debug()  1 > ((  0  ))
++ 1469282085.N /scripts/functions/logging : rvm_debug()  144 > return 0
++ 1469282085.N /scripts/functions/utility_package : __rvm_package_extract()  70 > typeset __tempdir __path __file __return
++ 1469282085.N /scripts/functions/utility_package : __rvm_package_extract()  71 > __return=0
+++ 1469282085.N /scripts/functions/utility_package : __rvm_package_extract()  72 > TMPDIR=/data/data/com.termux/files/home/.rvm/tmp
+++ 1469282085.N /scripts/functions/utility_package : __rvm_package_extract()  72 > mktemp -d -t rvm-tmp.XXXXXXXXX
++ 1469282085.N /scripts/functions/utility_package : __rvm_package_extract()  72 > __tempdir=/data/data/com.termux/files/home/.rvm/tmp/rvm-tmp.X5O8c97CL
++ 1469282085.N /scripts/functions/utility_package : __rvm_package_extract()  73 > __rvm_package_extract_run /data/data/com.termux/files/home/.rvm/archives/ruby-2.3.0.tar.bz2 /data/data/com.termux/files/home/.rvm/tmp/rvm-tmp.X5O8c97CL
++ 1469282085.N /scripts/functions/utility_package : __rvm_package_extract_run()  2 > [[    != *\ \-\-\n\o\-\s\a\m\e\-\o\w\n\e\r\ * ]]
++ 1469282085.N /scripts/functions/utility_package : __rvm_package_extract_run()  36 > __rvm_tar --help
++ 1469282085.N /scripts/functions/utility_package : __rvm_package_extract_run()  36 > __rvm_grep -- --no-same-owner
++ 1469282085.N /scripts/functions/support : __rvm_grep()  260 > GREP_OPTIONS=
++ 1469282085.N /scripts/functions/support : __rvm_grep()  260 > command grep -- --no-same-owner
++ 1469282085.N /scripts/functions/support : __rvm_grep()  260 > grep -- --no-same-owner
++ 1469282085.N /scripts/functions/support : __rvm_grep()  260 > return 1
++ 1469282085.N /scripts/functions/utility_package : __rvm_package_extract_run()  8 > [[ -d /data/data/com.termux/files/home/.rvm/tmp/rvm-tmp.X5O8c97CL ]]
++ 1469282085.N /scripts/functions/utility_package : __rvm_package_extract_run()  42 > case "$1" in
++ 1469282085.N /scripts/functions/utility_package : __rvm_package_extract_run()  14 > [[ -n '' ]]
++ 1469282085.N /scripts/functions/utility_package : __rvm_package_extract_run()  49 > __rvm_tar xjf /data/data/com.termux/files/home/.rvm/archives/ruby-2.3.0.tar.bz2 -C /data/data/com.termux/files/home/.rvm/tmp/rvm-tmp.X5O8c97CL
++ 1469282085.N /scripts/functions/support : __rvm_tar()  277 > tar xjf /data/data/com.termux/files/home/.rvm/archives/ruby-2.3.0.tar.bz2 -C /data/data/com.termux/files/home/.rvm/tmp/rvm-tmp.X5O8c97CL
++ 1469282092.N /scripts/functions/utility_package : __rvm_package_extract_run()  62 > __rvm_fix_group_permissions /data/data/com.termux/files/home/.rvm/tmp/rvm-tmp.X5O8c97CL/ruby-2.3.0
++ 1469282092.N /scripts/functions/utility_package : __rvm_fix_group_permissions()  6 > __rvm_grep g=rw
++ 1469282092.N /scripts/functions/utility_package : __rvm_fix_group_permissions()  6 > umask -S
++ 1469282092.N /scripts/functions/support : __rvm_grep()  260 > GREP_OPTIONS=
++ 1469282092.N /scripts/functions/support : __rvm_grep()  260 > command grep g=rw
++ 1469282092.N /scripts/functions/support : __rvm_grep()  260 > grep g=rw
++ 1469282092.N /scripts/functions/support : __rvm_grep()  260 > return 1
++ 1469282092.N /scripts/functions/utility_package : __rvm_package_extract()  71 > ((  __return == 0  ))
++ 1469282092.N /scripts/functions/utility_package : __rvm_package_extract()  77 > for __path in '"$__tempdir"/*'
++ 1469282092.N /scripts/functions/utility_package : __rvm_package_extract()  79 > __file=ruby-2.3.0
++ 1469282092.N /scripts/functions/utility_package : __rvm_package_extract()  77 > [[ -n ruby-2.3.0 ]]
++ 1469282092.N /scripts/functions/utility_package : __rvm_package_extract()  77 > [[ -e /data/data/com.termux/files/home/.rvm/tmp/rvm_src_9069/ruby-2.3.0 ]]
++ 1469282092.N /scripts/functions/utility_package : __rvm_package_extract()  85 > command mv -f /data/data/com.termux/files/home/.rvm/tmp/rvm-tmp.X5O8c97CL/ruby-2.3.0 /data/data/com.termux/files/home/.rvm/tmp/rvm_src_9069/
++ 1469282092.N /scripts/functions/utility_package : __rvm_package_extract()  85 > mv -f /data/data/com.termux/files/home/.rvm/tmp/rvm-tmp.X5O8c97CL/ruby-2.3.0 /data/data/com.termux/files/home/.rvm/tmp/rvm_src_9069/
++ 1469282092.N /scripts/functions/utility_package : __rvm_package_extract()  84 > [[ -n /data/data/com.termux/files/home/.rvm/tmp/rvm-tmp.X5O8c97CL ]]
++ 1469282092.N /scripts/functions/utility_package : __rvm_package_extract()  89 > command rm -rf /data/data/com.termux/files/home/.rvm/tmp/rvm-tmp.X5O8c97CL
++ 1469282092.N /scripts/functions/utility_package : __rvm_package_extract()  89 > rm -rf /data/data/com.termux/files/home/.rvm/tmp/rvm-tmp.X5O8c97CL
++ 1469282092.N /scripts/functions/utility_package : __rvm_package_extract()  91 > return 0
